<?xml version="1.0" encoding="UTF-8"?>
<!-- Generated by org.testng.reporters.JUnitXMLReporter -->
<testsuite ignored="0" hostname="LAPTOP-8DR5UJ6A" failures="1" tests="2" name="Test" time="18.117" errors="0" timestamp="2023-08-10T15:27:39 IST">
  <testcase classname="TestCases.verifyLogin" name="invalidLogin" time="5.397">
    <failure type="java.lang.AssertionError" message="The following asserts failed:
	Error message is incorrect expected [ check your username and password. If you still can&amp;apos;t log in, contact your Salesforce administrator.] but found [Please check your username and password. If you still can&amp;apos;t log in, contact your Salesforce administrator.]">
      <![CDATA[java.lang.AssertionError: The following asserts failed:
Error message is incorrect expected [ check your username and password. If you still can't log in, contact your Salesforce administrator.] but found [Please check your username and password. If you still can't log in, contact your Salesforce administrator.]
at TestCases.verifyLogin.invalidLogin(verifyLogin.java:29)
at java.base/java.util.ArrayList.forEach(ArrayList.java:1541)
... Removed 29 stack frames]]>
    </failure>
  </testcase> <!-- invalidLogin -->
  <testcase classname="TestCases.verifySignUpPage" name="signUP" time="6.325"/>
</testsuite> <!-- Test -->
