<?xml version="1.0" encoding="UTF-8"?>
<testng-results ignored="0" total="1" passed="1" failed="0" skipped="0">
  <reporter-output>
  </reporter-output>
  <suite started-at="2023-08-16T13:22:34 IST" name="Default suite" finished-at="2023-08-16T13:22:46 IST" duration-ms="12628">
    <groups>
    </groups>
    <test started-at="2023-08-16T13:22:34 IST" name="Default test" finished-at="2023-08-16T13:22:46 IST" duration-ms="12628">
      <class name="TestCases.verifySignUpPage">
        <test-method is-config="true" signature="launchBrowser()[pri:0, instance:TestCases.verifySignUpPage@7a419da4]" started-at="2023-08-16T13:22:34 IST" name="launchBrowser" finished-at="2023-08-16T13:22:38 IST" duration-ms="3909" status="PASS">
          <reporter-output>
          </reporter-output>
        </test-method> <!-- launchBrowser -->
        <test-method signature="signUP()[pri:0, instance:TestCases.verifySignUpPage@7a419da4]" started-at="2023-08-16T13:22:38 IST" name="signUP" finished-at="2023-08-16T13:22:46 IST" duration-ms="8531" status="PASS">
          <reporter-output>
          </reporter-output>
        </test-method> <!-- signUP -->
        <test-method is-config="true" signature="closeBrowser()[pri:0, instance:TestCases.verifySignUpPage@7a419da4]" started-at="2023-08-16T13:22:46 IST" name="closeBrowser" finished-at="2023-08-16T13:22:46 IST" duration-ms="164" status="PASS">
          <reporter-output>
          </reporter-output>
        </test-method> <!-- closeBrowser -->
      </class> <!-- TestCases.verifySignUpPage -->
    </test> <!-- Default test -->
  </suite> <!-- Default suite -->
</testng-results>
